<?xml version="1.0" encoding="UTF-8"?>
<!-- Generated by org.testng.reporters.JUnitReportReporter -->
<testsuite skipped="0" hostname="Ravi.local" name="com.test.apis.NewTest" tests="1" failures="0" timestamp="2020-07-16T20:21:19 IST" time="2.676" errors="0">
  <testcase name="f" time="2.676" classname="com.test.apis.NewTest"/>
</testsuite> <!-- com.test.apis.NewTest -->
