<?xml version="1.0" encoding="UTF-8"?>
<!-- Generated by org.testng.reporters.JUnitReportReporter -->
<testsuite skipped="0" hostname="LAPTOP-7FEBO63T" name="com.test.apis.NewTest" tests="2" failures="0" timestamp="29 Aug 2020 10:39:32 GMT" time="13.647" errors="0">
  <testcase name="userExists" time="0.874" classname="com.test.apis.NewTest"/>
  <testcase name="signUp" time="12.773" classname="com.test.apis.NewTest"/>
</testsuite> <!-- com.test.apis.NewTest -->
